<?xml version="1.0" encoding="UTF-8"?>
<!-- Generated by org.testng.reporters.JUnitReportReporter -->
<testsuite hostname="Nitish-Bector" failures="0" tests="2" name="weatherTests.GetWeatherDetails" time="4.271" errors="0" timestamp="21 May 2021 06:45:53 GMT" skipped="0">
  <testcase classname="weatherTests.GetWeatherDetails" name="getWeatherDetails2" time="2.722"/>
  <testcase classname="weatherTests.GetWeatherDetails" name="getWeatherDetails3" time="1.549"/>
</testsuite> <!-- weatherTests.GetWeatherDetails -->
